<?xml version="1.0" encoding="UTF-8"?>
<!-- Generated by org.testng.reporters.JUnitReportReporter -->
<testsuite skipped="0" hostname="ATMECSINLT-002" name="com.tutoralninja.testscenario.HeatClinicWebsiteScenario" tests="2" failures="0" timestamp="2019-11-08T21:10:19 IST" time="7.368" errors="0">
  <testcase name="setURL" time="1.372" classname="com.tutoralninja.testscenario.HeatClinicWebsiteScenario"/>
  <testcase name="menuValidation" time="5.996" classname="com.tutoralninja.testscenario.HeatClinicWebsiteScenario"/>
</testsuite> <!-- com.tutoralninja.testscenario.HeatClinicWebsiteScenario -->
